<?xml version="1.0" encoding="UTF-8"?>
<!-- Generated by org.testng.reporters.JUnitReportReporter -->
<testsuite hostname="PC" name="Gurukula.GurukulaTesting.TestGurukula" tests="6" failures="1" timestamp="13 Mar 2016 14:29:23 GMT" time="50.851" errors="0">
  <testcase name="UserExistsRegistration" time="2.571" classname="Gurukula.GurukulaTesting.TestGurukula"/>
  <testcase name="BranchCreation" time="18.699" classname="Gurukula.GurukulaTesting.TestGurukula"/>
  <testcase name="AdminLogIn" time="8.369" classname="Gurukula.GurukulaTesting.TestGurukula"/>
  <testcase name="AdminLogInWrong" time="1.960" classname="Gurukula.GurukulaTesting.TestGurukula"/>
  <testcase name="UserRegistration" time="2.338" classname="Gurukula.GurukulaTesting.TestGurukula">
    <failure type="java.lang.AssertionError" message="expected:&lt;User &quot;newuser&quot; is registered&gt; but was:&lt;&gt;">
      <![CDATA[java.lang.AssertionError: expected:<User "newuser" is registered> but was:<>
	at org.testng.AssertJUnit.assertEquals(AssertJUnit.java:101)
	at org.testng.AssertJUnit.assertEquals(AssertJUnit.java:108)
	at Test.RegistrationPage.checkRegisterCorrect(RegistrationPage.java:90)
	at Gurukula.GurukulaTesting.TestGurukula.UserRegistration(TestGurukula.java:61)
	at sun.reflect.NativeMethodAccessorImpl.invoke0(Native Method)
	at sun.reflect.NativeMethodAccessorImpl.invoke(NativeMethodAccessorImpl.java:62)
	at sun.reflect.DelegatingMethodAccessorImpl.invoke(DelegatingMethodAccessorImpl.java:43)
	at java.lang.reflect.Method.invoke(Method.java:497)
	at org.testng.internal.MethodInvocationHelper.invokeMethod(MethodInvocationHelper.java:86)
	at org.testng.internal.Invoker.invokeMethod(Invoker.java:645)
	at org.testng.internal.Invoker.invokeTestMethod(Invoker.java:822)
	at org.testng.internal.Invoker.invokeTestMethods(Invoker.java:1130)
	at org.testng.internal.TestMethodWorker.invokeTestMethods(TestMethodWorker.java:129)
	at org.testng.internal.TestMethodWorker.run(TestMethodWorker.java:112)
	at org.testng.TestRunner.privateRun(TestRunner.java:782)
	at org.testng.TestRunner.run(TestRunner.java:632)
	at org.testng.SuiteRunner.runTest(SuiteRunner.java:366)
	at org.testng.SuiteRunner.runSequentially(SuiteRunner.java:361)
	at org.testng.SuiteRunner.privateRun(SuiteRunner.java:319)
	at org.testng.SuiteRunner.run(SuiteRunner.java:268)
	at org.testng.SuiteRunnerWorker.runSuite(SuiteRunnerWorker.java:52)
	at org.testng.SuiteRunnerWorker.run(SuiteRunnerWorker.java:86)
	at org.testng.TestNG.runSuitesSequentially(TestNG.java:1244)
	at org.testng.TestNG.runSuitesLocally(TestNG.java:1169)
	at org.testng.TestNG.run(TestNG.java:1064)
	at org.testng.remote.RemoteTestNG.run(RemoteTestNG.java:113)
	at org.testng.remote.RemoteTestNG.initAndRun(RemoteTestNG.java:206)
	at org.testng.remote.RemoteTestNG.main(RemoteTestNG.java:177)
]]>
    </failure>
  </testcase> <!-- UserRegistration -->
  <testcase name="CreateStuff" time="16.914" classname="Gurukula.GurukulaTesting.TestGurukula"/>
</testsuite> <!-- Gurukula.GurukulaTesting.TestGurukula -->
