<?xml version="1.0" encoding="UTF-8"?>
<!-- Generated by org.testng.reporters.JUnitXMLReporter -->
<testsuite hostname="PC" name="Gurukula" tests="6" failures="0" timestamp="14 Mar 2016 15:19:33 GMT" time="0.068" errors="0">
  <testcase name="@BeforeClass setUp" time="0.0" classname="Gurukula.GurukulaTesting.GurukulaTest">
    <failure type="org.testng.TestNGException" message="
Parameter &amp;apos;Browser&amp;apos; is required by @Configuration on method setUp but has not been marked @Optional or defined
in C:\Users\Екатерина\git\GurukulaTest\GurukulaTesting\resources\testng.xml">
      <![CDATA[org.testng.TestNGException: 
Parameter 'Browser' is required by @Configuration on method setUp but has not been marked @Optional or defined
in C:\Users\Екатерина\git\GurukulaTest\GurukulaTesting\resources\testng.xml
... Removed 21 stack frames]]>
    </failure>
  </testcase> <!-- @BeforeClass setUp -->
  <testcase name="@AfterTest afterTest" time="0.0" classname="Gurukula.GurukulaTesting.GurukulaTest">
    <skipped/>
  </testcase> <!-- @AfterTest afterTest -->
  <testcase name="AdminLogIn" time="0.005" classname="Gurukula.GurukulaTesting.GurukulaTest">
    <skipped/>
  </testcase> <!-- AdminLogIn -->
  <testcase name="AdminLogInWrong" time="0.001" classname="Gurukula.GurukulaTesting.GurukulaTest">
    <skipped/>
  </testcase> <!-- AdminLogInWrong -->
  <testcase name="UserExistsRegistration" time="0.001" classname="Gurukula.GurukulaTesting.GurukulaTest">
    <skipped/>
  </testcase> <!-- UserExistsRegistration -->
  <testcase name="UserRegistration" time="0.001" classname="Gurukula.GurukulaTesting.GurukulaTest">
    <skipped/>
  </testcase> <!-- UserRegistration -->
  <testcase name="BranchCreation" time="0.001" classname="Gurukula.GurukulaTesting.GurukulaTest">
    <skipped/>
  </testcase> <!-- BranchCreation -->
  <testcase name="CreateStuff" time="0.001" classname="Gurukula.GurukulaTesting.GurukulaTest">
    <skipped/>
  </testcase> <!-- CreateStuff -->
</testsuite> <!-- Gurukula -->
